  ProyectoFinal.cpp
C:\Users\Adriana\Desktop\REPOSITORIO\316248336_PROYECTO_GPO09\ProyectoFinal\ProyectoFinal\ProyectoFinal.cpp(103,29): warning C4305: 'inicializando': truncamiento de 'double' a 'GLfloat'
C:\Users\Adriana\Desktop\REPOSITORIO\316248336_PROYECTO_GPO09\ProyectoFinal\ProyectoFinal\ProyectoFinal.cpp(113,29): warning C4305: 'inicializando': truncamiento de 'double' a 'GLfloat'
C:\Users\Adriana\Desktop\REPOSITORIO\316248336_PROYECTO_GPO09\ProyectoFinal\ProyectoFinal\ProyectoFinal.cpp(420,24): warning C4244: 'inicializando': conversión de 'double' a 'GLfloat'; posible pérdida de datos
C:\Users\Adriana\Desktop\REPOSITORIO\316248336_PROYECTO_GPO09\ProyectoFinal\ProyectoFinal\ProyectoFinal.cpp(479,23): warning C4244: '=': conversión de 'double' a 'float'; posible pérdida de datos
C:\Users\Adriana\Desktop\REPOSITORIO\316248336_PROYECTO_GPO09\ProyectoFinal\ProyectoFinal\ProyectoFinal.cpp(577,96): warning C4305: 'argumento': truncamiento de 'double' a 'GLfloat'
C:\Users\Adriana\Desktop\REPOSITORIO\316248336_PROYECTO_GPO09\ProyectoFinal\ProyectoFinal\ProyectoFinal.cpp(714,36): warning C4244: '=': conversión de 'double' a 'float'; posible pérdida de datos
C:\Users\Adriana\Desktop\REPOSITORIO\316248336_PROYECTO_GPO09\ProyectoFinal\ProyectoFinal\ProyectoFinal.cpp(718,36): warning C4244: '=': conversión de 'double' a 'float'; posible pérdida de datos
C:\Users\Adriana\Desktop\REPOSITORIO\316248336_PROYECTO_GPO09\ProyectoFinal\ProyectoFinal\ProyectoFinal.cpp(722,36): warning C4244: '=': conversión de 'double' a 'float'; posible pérdida de datos
C:\Users\Adriana\Desktop\REPOSITORIO\316248336_PROYECTO_GPO09\ProyectoFinal\ProyectoFinal\ProyectoFinal.cpp(726,36): warning C4244: '=': conversión de 'double' a 'float'; posible pérdida de datos
C:\Users\Adriana\Desktop\REPOSITORIO\316248336_PROYECTO_GPO09\ProyectoFinal\ProyectoFinal\ProyectoFinal.cpp(772,20): warning C4305: '+=': truncamiento de 'double' a 'float'
C:\Users\Adriana\Desktop\REPOSITORIO\316248336_PROYECTO_GPO09\ProyectoFinal\ProyectoFinal\ProyectoFinal.cpp(781,20): warning C4305: '-=': truncamiento de 'double' a 'float'
C:\Users\Adriana\Desktop\REPOSITORIO\316248336_PROYECTO_GPO09\ProyectoFinal\ProyectoFinal\ProyectoFinal.cpp(900,11): warning C4244: '=': conversión de 'double' a 'GLfloat'; posible pérdida de datos
C:\Users\Adriana\Desktop\REPOSITORIO\316248336_PROYECTO_GPO09\ProyectoFinal\ProyectoFinal\ProyectoFinal.cpp(901,11): warning C4244: '=': conversión de 'double' a 'GLfloat'; posible pérdida de datos
C:\Users\Adriana\Desktop\REPOSITORIO\316248336_PROYECTO_GPO09\ProyectoFinal\ProyectoFinal\ProyectoFinal.cpp(905,18): warning C4244: 'inicializando': conversión de 'double' a 'GLfloat'; posible pérdida de datos
C:\Users\Adriana\Desktop\REPOSITORIO\316248336_PROYECTO_GPO09\ProyectoFinal\ProyectoFinal\ProyectoFinal.cpp(906,18): warning C4244: 'inicializando': conversión de 'double' a 'GLfloat'; posible pérdida de datos
C:\Users\Adriana\Desktop\REPOSITORIO\316248336_PROYECTO_GPO09\ProyectoFinal\ProyectoFinal\ProyectoFinal.cpp(908,10): warning C4244: '=': conversión de 'double' a 'GLfloat'; posible pérdida de datos
C:\Users\Adriana\Desktop\REPOSITORIO\316248336_PROYECTO_GPO09\ProyectoFinal\ProyectoFinal\ProyectoFinal.cpp(909,10): warning C4244: '=': conversión de 'double' a 'GLfloat'; posible pérdida de datos
soil2-debug.lib(SOIL2.obj) : warning LNK4075: se omite '/EDITANDCONTINUE' debido a la especificación '/OPT:ICF'
LINK : warning LNK4098: la biblioteca predeterminada'MSVCRTD' entra en conflicto con otras bibliotecas; use la biblioteca /NODEFAULTLIB:biblioteca
  Generando código
  0 of 704 functions ( 0.0%) were compiled, the rest were copied from previous compilation.
    0 functions were new in current compilation
    0 functions had inline decision re-evaluated but remain unchanged
  Generación de código finalizada
soil2-debug.lib(etc1_utils.obj) : warning LNK4099: no se encontró PDB '' con 'soil2-debug.lib(etc1_utils.obj)' o en ''; se vinculará el objeto sin tener en cuenta información de depuración
soil2-debug.lib(image_DXT.obj) : warning LNK4099: no se encontró PDB 'soil2-debug.pdb' con 'soil2-debug.lib(image_DXT.obj)' o en 'C:\Users\Adriana\Desktop\REPOSITORIO\316248336_PROYECTO_GPO09\ProyectoFinal\Release\soil2-debug.pdb'; se vinculará el objeto sin tener en cuenta información de depuración
soil2-debug.lib(image_helper.obj) : warning LNK4099: no se encontró PDB '' con 'soil2-debug.lib(image_helper.obj)' o en ''; se vinculará el objeto sin tener en cuenta información de depuración
soil2-debug.lib(SOIL2.obj) : warning LNK4099: no se encontró PDB 'soil2-debug.pdb' con 'soil2-debug.lib(SOIL2.obj)' o en 'C:\Users\Adriana\Desktop\REPOSITORIO\316248336_PROYECTO_GPO09\ProyectoFinal\Release\soil2-debug.pdb'; se vinculará el objeto sin tener en cuenta información de depuración
  ProyectoFinal.vcxproj -> C:\Users\Adriana\Desktop\REPOSITORIO\316248336_PROYECTO_GPO09\ProyectoFinal\Release\ProyectoFinal.exe
