  ProyectoFinal.cpp
C:\Users\Adriana\Desktop\REPOSITORIO\316248336_PROYECTO_GPO09\ProyectoFinal\ProyectoFinal\ProyectoFinal.cpp(110,29): warning C4305: 'inicializando': truncamiento de 'double' a 'GLfloat'
C:\Users\Adriana\Desktop\REPOSITORIO\316248336_PROYECTO_GPO09\ProyectoFinal\ProyectoFinal\ProyectoFinal.cpp(120,29): warning C4305: 'inicializando': truncamiento de 'double' a 'GLfloat'
C:\Users\Adriana\Desktop\REPOSITORIO\316248336_PROYECTO_GPO09\ProyectoFinal\ProyectoFinal\ProyectoFinal.cpp(424,24): warning C4244: 'inicializando': conversión de 'double' a 'GLfloat'; posible pérdida de datos
C:\Users\Adriana\Desktop\REPOSITORIO\316248336_PROYECTO_GPO09\ProyectoFinal\ProyectoFinal\ProyectoFinal.cpp(456,20): warning C4244: '=': conversión de 'double' a 'T'; posible pérdida de datos
          with
          [
              T=float
          ]
C:\Users\Adriana\Desktop\REPOSITORIO\316248336_PROYECTO_GPO09\ProyectoFinal\ProyectoFinal\ProyectoFinal.cpp(457,20): warning C4244: '=': conversión de 'double' a 'T'; posible pérdida de datos
          with
          [
              T=float
          ]
C:\Users\Adriana\Desktop\REPOSITORIO\316248336_PROYECTO_GPO09\ProyectoFinal\ProyectoFinal\ProyectoFinal.cpp(458,20): warning C4244: '=': conversión de 'double' a 'T'; posible pérdida de datos
          with
          [
              T=float
          ]
C:\Users\Adriana\Desktop\REPOSITORIO\316248336_PROYECTO_GPO09\ProyectoFinal\ProyectoFinal\ProyectoFinal.cpp(472,23): warning C4244: '=': conversión de 'double' a 'float'; posible pérdida de datos
C:\Users\Adriana\Desktop\REPOSITORIO\316248336_PROYECTO_GPO09\ProyectoFinal\ProyectoFinal\ProyectoFinal.cpp(544,96): warning C4305: 'argumento': truncamiento de 'double' a 'GLfloat'
C:\Users\Adriana\Desktop\REPOSITORIO\316248336_PROYECTO_GPO09\ProyectoFinal\ProyectoFinal\ProyectoFinal.cpp(700,36): warning C4244: '=': conversión de 'double' a 'float'; posible pérdida de datos
C:\Users\Adriana\Desktop\REPOSITORIO\316248336_PROYECTO_GPO09\ProyectoFinal\ProyectoFinal\ProyectoFinal.cpp(704,36): warning C4244: '=': conversión de 'double' a 'float'; posible pérdida de datos
C:\Users\Adriana\Desktop\REPOSITORIO\316248336_PROYECTO_GPO09\ProyectoFinal\ProyectoFinal\ProyectoFinal.cpp(708,36): warning C4244: '=': conversión de 'double' a 'float'; posible pérdida de datos
C:\Users\Adriana\Desktop\REPOSITORIO\316248336_PROYECTO_GPO09\ProyectoFinal\ProyectoFinal\ProyectoFinal.cpp(712,36): warning C4244: '=': conversión de 'double' a 'float'; posible pérdida de datos
C:\Users\Adriana\Desktop\REPOSITORIO\316248336_PROYECTO_GPO09\ProyectoFinal\ProyectoFinal\ProyectoFinal.cpp(762,20): warning C4305: '+=': truncamiento de 'double' a 'float'
C:\Users\Adriana\Desktop\REPOSITORIO\316248336_PROYECTO_GPO09\ProyectoFinal\ProyectoFinal\ProyectoFinal.cpp(772,20): warning C4305: '-=': truncamiento de 'double' a 'float'
C:\Users\Adriana\Desktop\REPOSITORIO\316248336_PROYECTO_GPO09\ProyectoFinal\ProyectoFinal\ProyectoFinal.cpp(878,11): warning C4244: '=': conversión de 'double' a 'GLfloat'; posible pérdida de datos
C:\Users\Adriana\Desktop\REPOSITORIO\316248336_PROYECTO_GPO09\ProyectoFinal\ProyectoFinal\ProyectoFinal.cpp(879,11): warning C4244: '=': conversión de 'double' a 'GLfloat'; posible pérdida de datos
C:\Users\Adriana\Desktop\REPOSITORIO\316248336_PROYECTO_GPO09\ProyectoFinal\ProyectoFinal\ProyectoFinal.cpp(883,18): warning C4244: 'inicializando': conversión de 'double' a 'GLfloat'; posible pérdida de datos
C:\Users\Adriana\Desktop\REPOSITORIO\316248336_PROYECTO_GPO09\ProyectoFinal\ProyectoFinal\ProyectoFinal.cpp(884,18): warning C4244: 'inicializando': conversión de 'double' a 'GLfloat'; posible pérdida de datos
C:\Users\Adriana\Desktop\REPOSITORIO\316248336_PROYECTO_GPO09\ProyectoFinal\ProyectoFinal\ProyectoFinal.cpp(886,10): warning C4244: '=': conversión de 'double' a 'GLfloat'; posible pérdida de datos
C:\Users\Adriana\Desktop\REPOSITORIO\316248336_PROYECTO_GPO09\ProyectoFinal\ProyectoFinal\ProyectoFinal.cpp(887,10): warning C4244: '=': conversión de 'double' a 'GLfloat'; posible pérdida de datos
  ProyectoFinal.vcxproj -> C:\Users\Adriana\Desktop\REPOSITORIO\316248336_PROYECTO_GPO09\ProyectoFinal\Debug\ProyectoFinal.exe
